0 info it worked if it ends with ok
1 verbose cli [ 'node', '/usr/local/bin/npm', 'install', 'mongodb', '1.4.15' ]
2 info using npm@2.0.2
3 info using node@v0.10.32
4 verbose node symlink /usr/local/bin/node
5 warn package.json dozo@0.0.1 No README data
6 verbose readDependencies using package.json deps
7 verbose cache add [ 'mongodb', null ]
8 verbose cache add spec="mongodb" args=["mongodb",null]
9 verbose parsed spec { raw: 'mongodb',
9 verbose parsed spec   scope: null,
9 verbose parsed spec   name: 'mongodb',
9 verbose parsed spec   rawSpec: '',
9 verbose parsed spec   spec: '*',
9 verbose parsed spec   type: 'range' }
10 verbose cache add [ '1.4.15', null ]
11 verbose cache add spec="1.4.15" args=["1.4.15",null]
12 verbose parsed spec { raw: '1.4.15',
12 verbose parsed spec   scope: null,
12 verbose parsed spec   name: '1.4.15',
12 verbose parsed spec   rawSpec: '',
12 verbose parsed spec   spec: '*',
12 verbose parsed spec   type: 'range' }
13 verbose parsed spec { raw: 'mongodb',
13 verbose parsed spec   scope: null,
13 verbose parsed spec   name: 'mongodb',
13 verbose parsed spec   rawSpec: '',
13 verbose parsed spec   spec: '*',
13 verbose parsed spec   type: 'range' }
14 verbose addNamed [ 'mongodb', '*' ]
15 verbose addNamed [ null, '*' ]
16 verbose parsed spec { raw: '1.4.15',
16 verbose parsed spec   scope: null,
16 verbose parsed spec   name: '1.4.15',
16 verbose parsed spec   rawSpec: '',
16 verbose parsed spec   spec: '*',
16 verbose parsed spec   type: 'range' }
17 verbose addNamed [ '1.4.15', '*' ]
18 verbose addNamed [ null, '*' ]
19 silly lockFile 842f93d5-mongodb mongodb@*
20 verbose lock mongodb@* /Users/ethanwelborn/.npm/842f93d5-mongodb.lock
21 silly lockFile f3750489-1-4-15 1.4.15@*
22 verbose lock 1.4.15@* /Users/ethanwelborn/.npm/f3750489-1-4-15.lock
23 silly addNameRange { name: 'mongodb', range: '*', hasData: false }
24 verbose mapToRegistry name mongodb
25 verbose mapToRegistry uri https://registry.npmjs.org/mongodb
26 silly addNameRange { name: '1.4.15', range: '*', hasData: false }
27 verbose mapToRegistry name 1.4.15
28 verbose mapToRegistry uri https://registry.npmjs.org/1.4.15
29 verbose request on initialization, where is /1.4.15
30 verbose request after pass 1, where is /1.4.15
31 verbose request url raw /1.4.15
32 verbose request resolving registry [ 'https://registry.npmjs.org/', './1.4.15' ]
33 verbose request after pass 2, where is https://registry.npmjs.org/1.4.15
34 verbose request no auth needed
35 info attempt registry request try #1 at 14:12:02
36 verbose request id 5690efdc6e675ef0
37 http request GET https://registry.npmjs.org/1.4.15
38 verbose registry.get https://registry.npmjs.org/mongodb not expired, no request
39 silly addNameRange number 2 { name: 'mongodb', range: '*', hasData: true }
40 silly addNameRange versions [ 'mongodb',
40 silly addNameRange   [ '0.9.4',
40 silly addNameRange     '0.9.4-4',
40 silly addNameRange     '0.9.3',
40 silly addNameRange     '0.9.1',
40 silly addNameRange     '0.9.2',
40 silly addNameRange     '0.9.6-7',
40 silly addNameRange     '0.9.6-8',
40 silly addNameRange     '0.9.6-9',
40 silly addNameRange     '0.9.6-10',
40 silly addNameRange     '0.9.6-11',
40 silly addNameRange     '0.9.6-12',
40 silly addNameRange     '0.9.6-13',
40 silly addNameRange     '0.9.6-14',
40 silly addNameRange     '0.9.6-15',
40 silly addNameRange     '0.9.6-16',
40 silly addNameRange     '0.9.6-17',
40 silly addNameRange     '0.9.6-18',
40 silly addNameRange     '0.9.6-19',
40 silly addNameRange     '0.9.6-20',
40 silly addNameRange     '0.9.6-21',
40 silly addNameRange     '0.9.6-22',
40 silly addNameRange     '0.9.6-23',
40 silly addNameRange     '0.9.7',
40 silly addNameRange     '0.9.7-0',
40 silly addNameRange     '0.9.7-1',
40 silly addNameRange     '0.9.7-1.1',
40 silly addNameRange     '0.9.7-1.2',
40 silly addNameRange     '0.9.7-1.3',
40 silly addNameRange     '0.9.7-1.4',
40 silly addNameRange     '0.9.7-2',
40 silly addNameRange     '0.9.7-2-1',
40 silly addNameRange     '0.9.7-2-2',
40 silly addNameRange     '0.9.7-2-3',
40 silly addNameRange     '0.9.7-2-4',
40 silly addNameRange     '0.9.7-2-5',
40 silly addNameRange     '0.9.7-3',
40 silly addNameRange     '0.9.7-3-1',
40 silly addNameRange     '0.9.7-3-2',
40 silly addNameRange     '0.9.7-3-3',
40 silly addNameRange     '0.9.7-3-4',
40 silly addNameRange     '0.9.7-3-5',
40 silly addNameRange     '0.9.8',
40 silly addNameRange     '0.9.8-1',
40 silly addNameRange     '0.9.8-2',
40 silly addNameRange     '0.9.8-3',
40 silly addNameRange     '0.9.8-4',
40 silly addNameRange     '0.9.8-5',
40 silly addNameRange     '0.9.8-6',
40 silly addNameRange     '0.9.8-7',
40 silly addNameRange     '0.9.9',
40 silly addNameRange     '0.9.9-1',
40 silly addNameRange     '0.9.9-2',
40 silly addNameRange     '0.9.9-3',
40 silly addNameRange     '0.9.9-4',
40 silly addNameRange     '0.9.9-5',
40 silly addNameRange     '0.9.9-6',
40 silly addNameRange     '0.9.9-7',
40 silly addNameRange     '0.9.9-8',
40 silly addNameRange     '1.0.0',
40 silly addNameRange     '1.0.1',
40 silly addNameRange     '1.0.2',
40 silly addNameRange     '1.1.0-beta',
40 silly addNameRange     '1.1.0',
40 silly addNameRange     '1.1.1',
40 silly addNameRange     '1.1.2',
40 silly addNameRange     '1.1.3',
40 silly addNameRange     '1.1.4',
40 silly addNameRange     '1.1.5',
40 silly addNameRange     '1.1.6',
40 silly addNameRange     '1.1.7',
40 silly addNameRange     '1.1.8',
40 silly addNameRange     '1.1.9',
40 silly addNameRange     '1.1.10',
40 silly addNameRange     '1.1.11',
40 silly addNameRange     '1.2.0',
40 silly addNameRange     '1.2.1',
40 silly addNameRange     '1.2.2',
40 silly addNameRange     '1.2.3',
40 silly addNameRange     '1.2.4',
40 silly addNameRange     '1.2.5',
40 silly addNameRange     '1.2.6',
40 silly addNameRange     '1.2.7',
40 silly addNameRange     '1.2.8',
40 silly addNameRange     '1.2.9',
40 silly addNameRange     '1.2.10',
40 silly addNameRange     '1.2.11',
40 silly addNameRange     '1.2.12',
40 silly addNameRange     '1.2.13',
40 silly addNameRange     '1.2.14',
40 silly addNameRange     '1.3.0',
40 silly addNameRange     '1.3.1',
40 silly addNameRange     '1.3.2',
40 silly addNameRange     '1.3.3',
40 silly addNameRange     '1.3.4',
40 silly addNameRange     '1.3.5',
40 silly addNameRange     '1.3.6',
40 silly addNameRange     '1.3.7',
40 silly addNameRange     '1.3.8',
40 silly addNameRange     '1.3.9',
40 silly addNameRange     '1.3.10',
40 silly addNameRange     '1.3.11',
40 silly addNameRange     '1.3.12',
40 silly addNameRange     '1.3.14',
40 silly addNameRange     '1.3.15',
40 silly addNameRange     '1.3.17',
40 silly addNameRange     '1.3.18',
40 silly addNameRange     '1.3.19',
40 silly addNameRange     '1.4.0-rc2',
40 silly addNameRange     '1.3.20',
40 silly addNameRange     '1.4.0-rc3',
40 silly addNameRange     '1.3.21',
40 silly addNameRange     '1.3.22',
40 silly addNameRange     '1.3.23',
40 silly addNameRange     '1.4.0-rc4',
40 silly addNameRange     '1.4.0-rc5',
40 silly addNameRange     '1.4.0-rc6',
40 silly addNameRange     '1.4.0-rc7',
40 silly addNameRange     '1.4.0-rc8',
40 silly addNameRange     '1.4.0-rc9',
40 silly addNameRange     '1.4.0-rc10',
40 silly addNameRange     '1.4.0',
40 silly addNameRange     '1.4.1',
40 silly addNameRange     '1.4.2',
40 silly addNameRange     '1.4.3',
40 silly addNameRange     '1.4.4',
40 silly addNameRange     '1.4.5',
40 silly addNameRange     '1.4.6',
40 silly addNameRange     '1.4.7',
40 silly addNameRange     '1.4.8',
40 silly addNameRange     '1.4.9',
40 silly addNameRange     '1.4.10',
40 silly addNameRange     '2.0.0-alpha1',
40 silly addNameRange     '1.4.11',
40 silly addNameRange     '1.4.12',
40 silly addNameRange     '1.4.14',
40 silly addNameRange     '1.4.15',
40 silly addNameRange     '1.4.16',
40 silly addNameRange     '1.4.17' ] ]
41 verbose addNamed [ 'mongodb', '1.4.17' ]
42 verbose addNamed [ '1.4.17', '1.4.17' ]
43 silly lockFile 315fc271-mongodb-1-4-17 mongodb@1.4.17
44 verbose lock mongodb@1.4.17 /Users/ethanwelborn/.npm/315fc271-mongodb-1-4-17.lock
45 silly lockFile 2973df03-s-org-mongodb-mongodb-1-4-17-tgz https://registry.npmjs.org/mongodb/-/mongodb-1.4.17.tgz
46 verbose lock https://registry.npmjs.org/mongodb/-/mongodb-1.4.17.tgz /Users/ethanwelborn/.npm/2973df03-s-org-mongodb-mongodb-1-4-17-tgz.lock
47 verbose addRemoteTarball [ 'https://registry.npmjs.org/mongodb/-/mongodb-1.4.17.tgz',
47 verbose addRemoteTarball   '43b1be62251c3950c31572a8d7f52eb26f9d1bf4' ]
48 info retry fetch attempt 1 at 14:12:03
49 info attempt registry request try #1 at 14:12:03
50 http fetch GET https://registry.npmjs.org/mongodb/-/mongodb-1.4.17.tgz
51 http 404 https://registry.npmjs.org/1.4.15
52 verbose headers { date: 'Sat, 27 Sep 2014 20:12:03 GMT',
52 verbose headers   server: 'CouchDB/1.5.0 (Erlang OTP/R16B03)',
52 verbose headers   'content-type': 'application/json',
52 verbose headers   'cache-control': 'max-age=0',
52 verbose headers   'content-length': '52',
52 verbose headers   'accept-ranges': 'bytes',
52 verbose headers   via: '1.1 varnish',
52 verbose headers   age: '0',
52 verbose headers   'x-served-by': 'cache-sjc3129-SJC',
52 verbose headers   'x-cache': 'MISS',
52 verbose headers   'x-cache-hits': '0',
52 verbose headers   'x-timer': 'S1411848723.157579,VS0,VE35',
52 verbose headers   'keep-alive': 'timeout=10, max=50',
52 verbose headers   connection: 'Keep-Alive' }
53 silly registry.get cb [ 404,
53 silly registry.get   { date: 'Sat, 27 Sep 2014 20:12:03 GMT',
53 silly registry.get     server: 'CouchDB/1.5.0 (Erlang OTP/R16B03)',
53 silly registry.get     'content-type': 'application/json',
53 silly registry.get     'cache-control': 'max-age=0',
53 silly registry.get     'content-length': '52',
53 silly registry.get     'accept-ranges': 'bytes',
53 silly registry.get     via: '1.1 varnish',
53 silly registry.get     age: '0',
53 silly registry.get     'x-served-by': 'cache-sjc3129-SJC',
53 silly registry.get     'x-cache': 'MISS',
53 silly registry.get     'x-cache-hits': '0',
53 silly registry.get     'x-timer': 'S1411848723.157579,VS0,VE35',
53 silly registry.get     'keep-alive': 'timeout=10, max=50',
53 silly registry.get     connection: 'Keep-Alive' } ]
54 silly lockFile f3750489-1-4-15 1.4.15@*
55 silly lockFile f3750489-1-4-15 1.4.15@*
56 http fetch 200 https://registry.npmjs.org/mongodb/-/mongodb-1.4.17.tgz
57 silly fetchAndShaCheck shasum 43b1be62251c3950c31572a8d7f52eb26f9d1bf4
58 silly lockFile 2973df03-s-org-mongodb-mongodb-1-4-17-tgz https://registry.npmjs.org/mongodb/-/mongodb-1.4.17.tgz
59 silly lockFile 2973df03-s-org-mongodb-mongodb-1-4-17-tgz https://registry.npmjs.org/mongodb/-/mongodb-1.4.17.tgz
60 silly lockFile 315fc271-mongodb-1-4-17 mongodb@1.4.17
61 silly lockFile 315fc271-mongodb-1-4-17 mongodb@1.4.17
62 silly lockFile 842f93d5-mongodb mongodb@*
63 silly lockFile 842f93d5-mongodb mongodb@*
64 verbose stack Error: 404 Not Found: 1.4.15
64 verbose stack     at RegClient.<anonymous> (/usr/local/lib/node_modules/npm/node_modules/npm-registry-client/lib/request.js:258:14)
64 verbose stack     at Request._callback (/usr/local/lib/node_modules/npm/node_modules/npm-registry-client/lib/request.js:197:65)
64 verbose stack     at Request.self.callback (/usr/local/lib/node_modules/npm/node_modules/request/request.js:237:22)
64 verbose stack     at Request.emit (events.js:98:17)
64 verbose stack     at Request.<anonymous> (/usr/local/lib/node_modules/npm/node_modules/request/request.js:1146:14)
64 verbose stack     at Request.emit (events.js:117:20)
64 verbose stack     at IncomingMessage.<anonymous> (/usr/local/lib/node_modules/npm/node_modules/request/request.js:1097:12)
64 verbose stack     at IncomingMessage.emit (events.js:117:20)
64 verbose stack     at _stream_readable.js:943:16
64 verbose stack     at process._tickCallback (node.js:419:13)
65 verbose statusCode 404
66 verbose pkgid 1.4.15
67 verbose cwd /Users/ethanwelborn/dozo
68 error Darwin 13.3.0
69 error argv "node" "/usr/local/bin/npm" "install" "mongodb" "1.4.15"
70 error node v0.10.32
71 error npm  v2.0.2
72 error code E404
73 error 404 Not Found: 1.4.15
73 error 404
73 error 404 '1.4.15' is not in the npm registry.
73 error 404 You should bug the author to publish it (or use the name yourself!)
73 error 404 It was specified as a dependency of 'dozo'
73 error 404
73 error 404 Note that you can also install from a
73 error 404 tarball, folder, http url, or git url.
74 verbose exit [ 1, true ]
